0 info it worked if it ends with ok
1 verbose cli [ 'node', '/usr/local/bin/npm', 'start' ]
2 info using npm@1.4.21
3 info using node@v0.10.30
4 verbose run-script [ 'prestart', 'start', 'poststart' ]
5 info prestart AWS-Website@0.0.0
6 info start AWS-Website@0.0.0
7 verbose unsafe-perm in lifecycle true
8 info AWS-Website@0.0.0 Failed to exec start script
9 error AWS-Website@0.0.0 start: `node ./APP.JS`
9 error Exit status 8
10 error Failed at the AWS-Website@0.0.0 start script.
10 error This is most likely a problem with the AWS-Website package,
10 error not with npm itself.
10 error Tell the author that this fails on your system:
10 error     node ./APP.JS
10 error You can get their info via:
10 error     npm owner ls AWS-Website
10 error There is likely additional logging output above.
11 error System Darwin 15.2.0
12 error command "node" "/usr/local/bin/npm" "start"
13 error cwd /Users/mac/Documents/SLITE/mobremcon/AWS_Website/BACKEND
14 error node -v v0.10.30
15 error npm -v 1.4.21
16 error code ELIFECYCLE
17 verbose exit [ 1, true ]
